/usr/local/cuda
8
0
a
-------- params --------
corpus: FULL
device: gpu
numLayers: 2
numEpochs: 1
windowSize: 0
numNegPerPos: 7
batchSize: 128
shuffleTraining: f
embeddingsFile: /Users/christanner/research/DeepCoref/data/gloveEmbeddings.400.txt
hddcrpFullFile: /Users/christanner/research/DeepCoref/data/predict.ran.WD.semeval.txt
dropout: 0.25
clusterMethod: avgavg
numFilters: 64
lemmaType: none
lemmaEmbeddingsFile: /Users/christanner/research/DeepCoref/data/lemmaEmbeddings.6B.300.txt
------------------------
