This is pdfTeX, Version 3.14159265-2.6-1.40.17 (TeX Live 2016) (preloaded format=pdflatex 2016.5.22)  7 DEC 2017 17:32
entering extended mode
 restricted \write18 enabled.
 file:line:error style messages enabled.
 %&-line parsing enabled.
**"naaclhlt2018 copy.tex"
(./naaclhlt2018 copy.tex
LaTeX2e <2016/03/31>
Babel <3.9r> and hyphenation patterns for 83 language(s) loaded.
(/usr/local/texlive/2016/texmf-dist/tex/latex/base/article.cls
Document Class: article 2014/09/29 v1.4h Standard LaTeX document class
(/usr/local/texlive/2016/texmf-dist/tex/latex/base/size11.clo
File: size11.clo 2014/09/29 v1.4h Standard LaTeX file (size option)
)
\c@part=\count79
\c@section=\count80
\c@subsection=\count81
\c@subsubsection=\count82
\c@paragraph=\count83
\c@subparagraph=\count84
\c@figure=\count85
\c@table=\count86
\abovecaptionskip=\skip41
\belowcaptionskip=\skip42
\bibindent=\dimen102
)
(./naaclhlt2018.sty
(/usr/local/texlive/2016/texmf-dist/tex/latex/hyperref/hyperref.sty
Package: hyperref 2016/05/05 v6.83n Hypertext links for LaTeX

(/usr/local/texlive/2016/texmf-dist/tex/generic/oberdiek/hobsub-hyperref.sty
Package: hobsub-hyperref 2016/05/16 v1.14 Bundle oberdiek, subset hyperref (HO)


(/usr/local/texlive/2016/texmf-dist/tex/generic/oberdiek/hobsub-generic.sty
Package: hobsub-generic 2016/05/16 v1.14 Bundle oberdiek, subset generic (HO)
Package: hobsub 2016/05/16 v1.14 Construct package bundles (HO)
Package: infwarerr 2016/05/16 v1.4 Providing info/warning/error messages (HO)
Package: ltxcmds 2016/05/16 v1.23 LaTeX kernel commands for general use (HO)
Package: ifluatex 2016/05/16 v1.4 Provides the ifluatex switch (HO)
Package ifluatex Info: LuaTeX not detected.
Package: ifvtex 2016/05/16 v1.6 Detect VTeX and its facilities (HO)
Package ifvtex Info: VTeX not detected.
Package: intcalc 2016/05/16 v1.2 Expandable calculations with integers (HO)
Package: ifpdf 2016/05/14 v3.1 Provides the ifpdf switch
Package: etexcmds 2016/05/16 v1.6 Avoid name clashes with e-TeX commands (HO)
Package etexcmds Info: Could not find \expanded.
(etexcmds)             That can mean that you are not using pdfTeX 1.50 or
(etexcmds)             that some package has redefined \expanded.
(etexcmds)             In the latter case, load this package earlier.
Package: kvsetkeys 2016/05/16 v1.17 Key value parser (HO)
Package: kvdefinekeys 2016/05/16 v1.4 Define keys (HO)
Package: pdftexcmds 2016/05/10 v0.21 Utility functions of pdfTeX for LuaTeX (HO
)
Package pdftexcmds Info: LuaTeX not detected.
Package pdftexcmds Info: \pdf@primitive is available.
Package pdftexcmds Info: \pdf@ifprimitive is available.
Package pdftexcmds Info: \pdfdraftmode found.
Package: pdfescape 2016/05/16 v1.14 Implements pdfTeX's escape features (HO)
Package: bigintcalc 2016/05/16 v1.4 Expandable calculations on big integers (HO
)
Package: bitset 2016/05/16 v1.2 Handle bit-vector datatype (HO)
Package: uniquecounter 2016/05/16 v1.3 Provide unlimited unique counter (HO)
)
Package hobsub Info: Skipping package `hobsub' (already loaded).
Package: letltxmacro 2016/05/16 v1.5 Let assignment for LaTeX macros (HO)
Package: hopatch 2016/05/16 v1.3 Wrapper for package hooks (HO)
Package: xcolor-patch 2016/05/16 xcolor patch
Package: atveryend 2016/05/16 v1.9 Hooks at the very end of document (HO)
Package atveryend Info: \enddocument detected (standard20110627).
Package: atbegshi 2016/05/16 v1.17 At begin shipout hook (HO)
Package: refcount 2016/05/16 v3.5 Data extraction from label references (HO)
Package: hycolor 2016/05/16 v1.8 Color options for hyperref/bookmark (HO)
)
(/usr/local/texlive/2016/texmf-dist/tex/latex/graphics/keyval.sty
Package: keyval 2014/10/28 v1.15 key=value parser (DPC)
\KV@toks@=\toks14
)
(/usr/local/texlive/2016/texmf-dist/tex/generic/ifxetex/ifxetex.sty
Package: ifxetex 2010/09/12 v0.6 Provides ifxetex conditional
)
(/usr/local/texlive/2016/texmf-dist/tex/latex/oberdiek/auxhook.sty
Package: auxhook 2016/05/16 v1.4 Hooks for auxiliary files (HO)
)
(/usr/local/texlive/2016/texmf-dist/tex/latex/oberdiek/kvoptions.sty
Package: kvoptions 2016/05/16 v3.12 Key value format for package options (HO)
)
\@linkdim=\dimen103
\Hy@linkcounter=\count87
\Hy@pagecounter=\count88

(/usr/local/texlive/2016/texmf-dist/tex/latex/hyperref/pd1enc.def
File: pd1enc.def 2016/05/05 v6.83n Hyperref: PDFDocEncoding definition (HO)
)
\Hy@SavedSpaceFactor=\count89

(/usr/local/texlive/2016/texmf-dist/tex/latex/latexconfig/hyperref.cfg
File: hyperref.cfg 2002/06/06 v1.2 hyperref configuration of TeXLive
)
Package hyperref Info: Hyper figures OFF on input line 4446.
Package hyperref Info: Link nesting OFF on input line 4451.
Package hyperref Info: Hyper index ON on input line 4454.
Package hyperref Info: Plain pages OFF on input line 4461.
Package hyperref Info: Backreferencing OFF on input line 4466.
Package hyperref Info: Implicit mode ON; LaTeX internals redefined.
Package hyperref Info: Bookmarks ON on input line 4691.
\c@Hy@tempcnt=\count90

(/usr/local/texlive/2016/texmf-dist/tex/latex/url/url.sty
\Urlmuskip=\muskip10
Package: url 2013/09/16  ver 3.4  Verb mode for urls, etc.
)
LaTeX Info: Redefining \url on input line 5044.
\XeTeXLinkMargin=\dimen104
\Fld@menulength=\count91
\Field@Width=\dimen105
\Fld@charsize=\dimen106
Package hyperref Info: Hyper figures OFF on input line 6298.
Package hyperref Info: Link nesting OFF on input line 6303.
Package hyperref Info: Hyper index ON on input line 6306.
Package hyperref Info: backreferencing OFF on input line 6313.
Package hyperref Info: Link coloring OFF on input line 6318.
Package hyperref Info: Link coloring with OCG OFF on input line 6323.
Package hyperref Info: PDF/A mode OFF on input line 6328.
LaTeX Info: Redefining \ref on input line 6368.
LaTeX Info: Redefining \pageref on input line 6372.
\Hy@abspage=\count92
\c@Item=\count93
\c@Hfootnote=\count94
)

Package hyperref Message: Driver (autodetected): hpdftex.

(/usr/local/texlive/2016/texmf-dist/tex/latex/hyperref/hpdftex.def
File: hpdftex.def 2016/05/05 v6.83n Hyperref driver for pdfTeX
\Fld@listcount=\count95
\c@bookmark@seq@number=\count96

(/usr/local/texlive/2016/texmf-dist/tex/latex/oberdiek/rerunfilecheck.sty
Package: rerunfilecheck 2016/05/16 v1.8 Rerun checks for auxiliary files (HO)
Package uniquecounter Info: New unique counter `rerunfilecheck' on input line 2
82.
)
\Hy@SectionHShift=\skip43
)
(/usr/local/texlive/2016/texmf-dist/tex/latex/xcolor/xcolor.sty
Package: xcolor 2016/05/11 v2.12 LaTeX color extensions (UK)

(/usr/local/texlive/2016/texmf-dist/tex/latex/graphics-cfg/color.cfg
File: color.cfg 2016/01/02 v1.6 sample color configuration
)
Package xcolor Info: Driver file: pdftex.def on input line 225.

(/usr/local/texlive/2016/texmf-dist/tex/latex/pdftex-def/pdftex.def
File: pdftex.def 2011/05/27 v0.06d Graphics/color for pdfTeX
\Gread@gobject=\count97
)
Package xcolor Info: Model `cmy' substituted by `cmy0' on input line 1348.
Package xcolor Info: Model `hsb' substituted by `rgb' on input line 1352.
Package xcolor Info: Model `RGB' extended on input line 1364.
Package xcolor Info: Model `HTML' substituted by `rgb' on input line 1366.
Package xcolor Info: Model `Hsb' substituted by `hsb' on input line 1367.
Package xcolor Info: Model `tHsb' substituted by `hsb' on input line 1368.
Package xcolor Info: Model `HSB' substituted by `hsb' on input line 1369.
Package xcolor Info: Model `Gray' substituted by `gray' on input line 1370.
Package xcolor Info: Model `wave' substituted by `hsb' on input line 1371.
)
Package hyperref Info: Option `colorlinks' set `true' on input line 103.

Conference Style for NAACL-HLT 2018
\titlebox=\skip44
\aclrulerbox=\box26
\aclrulercount=\count98
\aclruleroffset=\dimen107
\cv@lineheight=\dimen108
\cv@boxheight=\dimen109
\cv@tmpbox=\box27
\cv@refno=\count99
\cv@tot=\count100
\cv@tmpc@=\count101
\cv@tmpc=\count102
(/usr/local/texlive/2016/texmf-dist/tex/latex/natbib/natbib.sty
Package: natbib 2010/09/13 8.31b (PWD, AO)
\bibhang=\skip45
\bibsep=\skip46
LaTeX Info: Redefining \cite on input line 694.
\c@NAT@ctr=\count103
))
(/usr/local/texlive/2016/texmf-dist/tex/latex/psnfss/times.sty
Package: times 2005/04/12 PSNFSS-v9.2a (SPQR) 
)
(/usr/local/texlive/2016/texmf-dist/tex/latex/base/latexsym.sty
Package: latexsym 1998/08/17 v2.2e Standard LaTeX package (lasy symbols)
\symlasy=\mathgroup4
LaTeX Font Info:    Overwriting symbol font `lasy' in version `bold'
(Font)                  U/lasy/m/n --> U/lasy/b/n on input line 52.
)
(./naaclhlt2018 copy.aux)
\openout1 = `"naaclhlt2018 copy.aux"'.

LaTeX Font Info:    Checking defaults for OML/cmm/m/it on input line 42.
LaTeX Font Info:    ... okay on input line 42.
LaTeX Font Info:    Checking defaults for T1/cmr/m/n on input line 42.
LaTeX Font Info:    ... okay on input line 42.
LaTeX Font Info:    Checking defaults for OT1/cmr/m/n on input line 42.
LaTeX Font Info:    ... okay on input line 42.
LaTeX Font Info:    Checking defaults for OMS/cmsy/m/n on input line 42.
LaTeX Font Info:    ... okay on input line 42.
LaTeX Font Info:    Checking defaults for OMX/cmex/m/n on input line 42.
LaTeX Font Info:    ... okay on input line 42.
LaTeX Font Info:    Checking defaults for U/cmr/m/n on input line 42.
LaTeX Font Info:    ... okay on input line 42.
LaTeX Font Info:    Checking defaults for PD1/pdf/m/n on input line 42.
LaTeX Font Info:    ... okay on input line 42.
LaTeX Font Info:    Try loading font information for OT1+ptm on input line 42.

(/usr/local/texlive/2016/texmf-dist/tex/latex/psnfss/ot1ptm.fd
File: ot1ptm.fd 2001/06/04 font definitions for OT1/ptm.
)
\AtBeginShipoutBox=\box28
Package hyperref Info: Link coloring ON on input line 42.

(/usr/local/texlive/2016/texmf-dist/tex/latex/hyperref/nameref.sty
Package: nameref 2012/10/27 v2.43 Cross-referencing by name of section

(/usr/local/texlive/2016/texmf-dist/tex/generic/oberdiek/gettitlestring.sty
Package: gettitlestring 2016/05/16 v1.5 Cleanup title references (HO)
)
\c@section@level=\count104
)
LaTeX Info: Redefining \ref on input line 42.
LaTeX Info: Redefining \pageref on input line 42.
LaTeX Info: Redefining \nameref on input line 42.

(./naaclhlt2018 copy.out) (./naaclhlt2018 copy.out)
\@outlinefile=\write3
\openout3 = `"naaclhlt2018 copy.out"'.


(/usr/local/texlive/2016/texmf-dist/tex/context/base/mkii/supp-pdf.mkii
[Loading MPS to PDF converter (version 2006.09.02).]
\scratchcounter=\count105
\scratchdimen=\dimen110
\scratchbox=\box29
\nofMPsegments=\count106
\nofMParguments=\count107
\everyMPshowfont=\toks15
\MPscratchCnt=\count108
\MPscratchDim=\dimen111
\MPnumerator=\count109
\makeMPintoPDFobject=\count110
\everyMPtoPDFconversion=\toks16
) ABD: EveryShipout initializing macros
LaTeX Font Info:    Font shape `OT1/ptm/bx/n' in size <14.4> not available
(Font)              Font shape `OT1/ptm/b/n' tried instead on input line 43.
LaTeX Font Info:    External font `cmex10' loaded for size
(Font)              <12> on input line 43.
LaTeX Font Info:    External font `cmex10' loaded for size
(Font)              <8> on input line 43.
LaTeX Font Info:    External font `cmex10' loaded for size
(Font)              <6> on input line 43.
LaTeX Font Info:    Try loading font information for U+lasy on input line 43.

(/usr/local/texlive/2016/texmf-dist/tex/latex/base/ulasy.fd
File: ulasy.fd 1998/08/17 v2.2e LaTeX symbol font definitions
)
LaTeX Font Info:    Font shape `OT1/ptm/bx/n' in size <12> not available
(Font)              Font shape `OT1/ptm/b/n' tried instead on input line 43.
LaTeX Font Info:    Try loading font information for OT1+pcr on input line 43.

(/usr/local/texlive/2016/texmf-dist/tex/latex/psnfss/ot1pcr.fd
File: ot1pcr.fd 2001/06/04 font definitions for OT1/pcr.
)
Underfull \hbox (badness 1231) in paragraph at lines 46--50
[]\OT1/ptm/m/n/10 Coreference res-o-lu-tion sys-tems for en-ti-ties
 []


Underfull \hbox (badness 1442) in paragraph at lines 46--50
\OT1/ptm/m/n/10 pre-com-puted word-/char- em-bed-dings; and
 []

LaTeX Font Info:    External font `cmex10' loaded for size
(Font)              <10.95> on input line 61.

Underfull \hbox (badness 1062) in paragraph at lines 61--62
\OT1/ptm/m/n/10.95 a globally-optimal fit of men-tions to clus-ters,
 []

LaTeX Font Info:    Font shape `OT1/ptm/bx/n' in size <10.95> not available
(Font)              Font shape `OT1/ptm/b/n' tried instead on input line 63.
[1{/usr/local/texlive/2016/texmf-var/fonts/map/pdftex/updmap/pdftex.map}



]
Underfull \vbox (badness 2547) has occurred while \output is active []


Underfull \hbox (badness 1147) in paragraph at lines 79--80
\OT1/ptm/m/n/10.95 to event coref-er-ence res-o-lu-tion by per-form-ing
 []


Underfull \hbox (badness 1292) in paragraph at lines 96--97
\OT1/ptm/m/n/10.95 ti-ties, not both. To the best of our knowl-
 []

[2]
Underfull \hbox (badness 1448) in paragraph at lines 99--100
\OT1/ptm/m/n/10.95 a clever and in-spir-ing mention-pair ap-proach,
 []

LaTeX Font Info:    Try loading font information for OMS+ptm on input line 102.

(/usr/local/texlive/2016/texmf-dist/tex/latex/psnfss/omsptm.fd
File: omsptm.fd 
)
LaTeX Font Info:    Font shape `OMS/ptm/m/n' in size <10.95> not available
(Font)              Font shape `OMS/cmsy/m/n' tried instead on input line 102.

Underfull \hbox (badness 1418) in paragraph at lines 103--105
\OT1/ptm/m/n/10.95 formed for both within-doc (WD) and cross-
 []


LaTeX Warning: Reference `sec:length' on page 3 undefined on input line 126.

[3]
Underfull \hbox (badness 10000) in paragraph at lines 156--165
\OT1/ptm/m/n/10.95 NAACL-HLT pro-vides this de-scrip-tion in
 []


Underfull \hbox (badness 10000) in paragraph at lines 156--165
\OT1/ptm/m/n/10.95 L[]T[]X2e (\OT1/pcr/m/n/9 naaclhlt2018.tex\OT1/ptm/m/n/10.95
 ) and PDF
 []


Underfull \hbox (badness 10000) in paragraph at lines 156--165
\OT1/ptm/m/n/10.95 for-mat (\OT1/pcr/m/n/9 naaclhlt2018.pdf\OT1/ptm/m/n/10.95 )
, along with
 []


Underfull \hbox (badness 10000) in paragraph at lines 156--165
\OT1/ptm/m/n/10.95 the L[]T[]X2e style file used to for-mat it
 []


Underfull \hbox (badness 2529) in paragraph at lines 156--165
\OT1/ptm/m/n/10.95 style (\OT1/pcr/m/n/9 acl[]natbib.bst\OT1/ptm/m/n/10.95 ) an
d ex-am-ple bib-li-og-
 []


Underfull \hbox (badness 10000) in paragraph at lines 190--196
[]\OT1/pcr/m/n/10.95 \special{papersize=210mm,297mm}
 []


Underfull \hbox (badness 7685) in paragraph at lines 190--196
\OT1/ptm/m/n/10.95 in the la-tex pream-ble (di-rectly be-low the
 []


Underfull \hbox (badness 10000) in paragraph at lines 190--196
[]\OT1/pcr/m/n/10.95 \usepackage \OT1/ptm/m/n/10.95 com-mands). Then us-ing
 []

[4]
LaTeX Font Info:    External font `cmex10' loaded for size
(Font)              <9> on input line 309.
LaTeX Font Info:    External font `cmex10' loaded for size
(Font)              <5> on input line 309.
LaTeX Font Info:    Font shape `OT1/ptm/bx/n' in size <9> not available
(Font)              Font shape `OT1/ptm/b/n' tried instead on input line 312.
 [5]
Underfull \hbox (badness 10000) in paragraph at lines 415--416
[]\OT1/ptm/m/n/10.95 ``We pre-vi-ously showed ([][]Gus-field[][],
 []


Underfull \hbox (badness 1152) in paragraph at lines 442--445
[]\OT1/ptm/m/n/10.95 The L[]T[]X and BibT[]X style files pro-vided
 []

[6] (./naaclhlt2018 copy.bbl
Underfull \hbox (badness 2635) in paragraph at lines 12--21
[]\OT1/ptm/m/n/10 James Al-lan, Jaime Car-bonell, George Dod-ding-
 []


Underfull \hbox (badness 4805) in paragraph at lines 12--21
\OT1/ptm/m/n/10 Ira Carp Dragon, George Dod-ding-ton Darpa,
 []

LaTeX Font Info:    External font `cmex10' loaded for size
(Font)              <7> on input line 35.

Underfull \hbox (badness 2035) in paragraph at lines 28--36
[]\OT1/ptm/m/n/10 Amit Bagga and Breck Bald-win. 1999.  [][]Cross-
 []


Underfull \hbox (badness 2452) in paragraph at lines 28--36
\OT1/ptm/m/n/10 i-ments, and ob-ser-va-tions[][].  In \OT1/ptm/m/it/10 Pro-ceed
-ings of
 []


Underfull \hbox (badness 1701) in paragraph at lines 28--36
\OT1/ptm/m/it/10 the Work-shop on Coref-er-ence and Its Ap-pli-ca-
 []


Underfull \hbox (badness 1210) in paragraph at lines 28--36
\OT1/ptm/m/n/10 8.  [][]$\OT1/pcr/m/n/10 http : / / dl . acm . org / citation .
 cfm ?
 []


Underfull \hbox (badness 2469) in paragraph at lines 38--45
[][]\OT1/ptm/m/n/10 Un-su-per-vised event coref-er-ence res-o-lu-tion with
 []


Underfull \hbox (badness 1082) in paragraph at lines 38--45
\OT1/ptm/m/n/10 rich lin-guis-tic fea-tures[][].  In \OT1/ptm/m/it/10 Pro-ceed-
ings of the
 []


Underfull \hbox (badness 1112) in paragraph at lines 38--45
\OT1/ptm/m/n/10 tional Lin-guis-tics, Strouds-burg, PA, USA, ACL
 []


Underfull \hbox (badness 1509) in paragraph at lines 47--55
\OT1/ptm/m/n/10 ing the value of fea-tures for coref-er-ence res-o-
 []


Underfull \hbox (badness 1859) in paragraph at lines 47--55
\OT1/ptm/m/n/10 lu-tion[][].  In \OT1/ptm/m/it/10 Pro-ceed-ings of the Con-fer-
ence on
 []


Underfull \hbox (badness 2512) in paragraph at lines 47--55
\OT1/ptm/m/it/10 ing\OT1/ptm/m/n/10 . As-so-ci-a-tion for Com-pu-ta-tional Lin-
guis-tics,
 []


Underfull \hbox (badness 2818) in paragraph at lines 64--71
[]\OT1/ptm/m/n/10 Zheng Chen and Heng Ji. 2010.  [][]Graph-based
 []


Underfull \hbox (badness 1137) in paragraph at lines 64--71
\OT1/ptm/m/n/10 clus-ter-ing for com-pu-ta-tional lin-guis-tics: A sur-
 []


Underfull \hbox (badness 1259) in paragraph at lines 64--71
\OT1/ptm/m/it/10 cess-ing\OT1/ptm/m/n/10 . As-so-ci-a-tion for Com-pu-ta-tional
 Lin-guis-
 []


Underfull \hbox (badness 10000) in paragraph at lines 73--78
[][]$\OT1/pcr/m/n/10 http : / / www . aclweb . org / anthology /
 []


Underfull \hbox (badness 10000) in paragraph at lines 80--86
[]\OT1/ptm/m/n/10 Kevin Clark and Christo-pher D. Man-ning.
 []


Underfull \hbox (badness 5711) in paragraph at lines 80--86
\OT1/ptm/m/n/10 2016.  [][]Im-prov-ing coref-er-ence res-o-lu-tion by
 []


Underfull \hbox (badness 10000) in paragraph at lines 80--86
\OT1/ptm/m/n/10 learn-ing entity-level dis-tributed rep-re-sen-ta-
 []


Underfull \hbox (badness 4266) in paragraph at lines 80--86
\OT1/ptm/m/n/10 tions[][].  Cite arxiv:1606.01323Comment: Ac-
 []


Underfull \hbox (badness 10000) in paragraph at lines 80--86
\OT1/ptm/m/n/10 cepted for pub-li-ca-tion at the As-so-ci-a-tion
 []


Underfull \hbox (badness 10000) in paragraph at lines 80--86
\OT1/ptm/m/n/10 for Com-pu-ta-tional Lin-guis-tics (ACL), 2016.
 []


Underfull \hbox (badness 1810) in paragraph at lines 88--95
[]\OT1/ptm/m/n/10 Agata Cy-bul-ska and Piek Vossen. 2014.  [][]Us-ing
 []


Underfull \hbox (badness 1005) in paragraph at lines 88--95
\OT1/ptm/m/n/10 sity and event coref-er-ence res-o-lu-tion[][].  In \OT1/ptm/m/
it/10 Pro-
 []


Underfull \hbox (badness 1867) in paragraph at lines 88--95
\OT1/ptm/m/it/10 ceed-ings of the Ninth In-ter-na-tional Con-fer-ence
 []


Underfull \hbox (badness 2913) in paragraph at lines 88--95
\OT1/ptm/m/it/10 2014)\OT1/ptm/m/n/10 . Eu-ro-pean Lan-guage Re-sources As-so-c
i-a-
 []


Underfull \hbox (badness 2828) in paragraph at lines 88--95
\OT1/ptm/m/n/10 tion (ELRA).  [][]$\OT1/pcr/m/n/10 http : / / www . aclweb . or
g /
 []


Underfull \hbox (badness 2617) in paragraph at lines 106--113
\OT1/ptm/m/n/10 ACL, pages 1971--1982.  [][]$\OT1/pcr/m/n/10 http : / / nlp . c
s .
 []


Underfull \hbox (badness 10000) in paragraph at lines 106--113
\OT1/pcr/m/n/10 berkeley . edu / pubs / Durrett-[]Klein _
 []

[7]
Underfull \hbox (badness 1648) in paragraph at lines 119--127
\OT1/ptm/m/n/10 ing rep-re-sen-ta-tion pars-ing[][].  In \OT1/ptm/m/it/10 Pro-c
eed-ings of
 []


Underfull \hbox (badness 1205) in paragraph at lines 144--152
[]\OT1/ptm/m/n/10 Kevin Humphreys, Robert Gaizauskas, and Sal-iha
 []


Underfull \hbox (badness 1199) in paragraph at lines 144--152
\OT1/ptm/m/n/10 Az-zam. 1997.  [][]Event coref-er-ence for in-for-ma-
 []


Underfull \hbox (badness 3281) in paragraph at lines 144--152
\OT1/ptm/m/n/10 tion ex-trac-tion[][].  In \OT1/ptm/m/it/10 Pro-ceed-ings of a 
Work-
 []


Underfull \hbox (badness 1796) in paragraph at lines 155--162
\OT1/ptm/m/n/10 Learn-ing by Read-ing[][].  In \OT1/ptm/m/it/10 Pro-ceed-ings o
f the
 []


Underfull \hbox (badness 1694) in paragraph at lines 155--162
\OT1/ptm/m/it/10 AAAI 2009 Spring Sym-po-sium on Learn-ing by
 []


Underfull \hbox (badness 3148) in paragraph at lines 155--162
\OT1/ptm/m/it/10 Read-ing and Learn-ing to Read\OT1/ptm/m/n/10 . AAAI Press.
 []


Underfull \hbox (badness 10000) in paragraph at lines 155--162
[][]$\OT1/pcr/m/n/10 http : / / ebiquity . umbc . edu / _file _
 []


Underfull \hbox (badness 3536) in paragraph at lines 164--171
\OT1/ptm/m/it/10 Pro-ceed-ings of the 20th In-ter-na-tional Con-fer-
 []


Underfull \hbox (badness 5667) in paragraph at lines 173--178
[]\OT1/ptm/m/n/10 Wee Meng Soon, Hwee Tou Ng, and Daniel
 []


Underfull \hbox (badness 2980) in paragraph at lines 173--178
\OT1/ptm/m/n/10 Chung Yong Lim. 2001.  [][]A ma-chine learn-
 []


Underfull \hbox (badness 1259) in paragraph at lines 173--178
\OT1/ptm/m/n/10 ing ap-proach to coref-er-ence res-o-lu-tion of noun
 []


Underfull \hbox (badness 10000) in paragraph at lines 173--178
\OT1/ptm/m/n/10 phrases[][].  \OT1/ptm/m/it/10 Com-put. Lin-guist. \OT1/ptm/m/n
/10 27(4):521--544.
 []


Underfull \hbox (badness 10000) in paragraph at lines 173--178
[][]$\OT1/pcr/m/n/10 http : / / dl . acm . org / citation . cfm ? id =
 []


Underfull \hbox (badness 3439) in paragraph at lines 181--186
\OT1/ptm/m/n/10 Shieber. 2016.  [][]Learn-ing global fea-tures for
 []


Underfull \hbox (badness 1789) in paragraph at lines 181--186
\OT1/ptm/m/n/10 coref-er-ence res-o-lu-tion[][].  \OT1/ptm/m/it/10 CoRR \OT1/pt
m/m/n/10 abs/1604.03035.
 []


Underfull \hbox (badness 10000) in paragraph at lines 181--186
[][]$\OT1/pcr/m/n/10 http : / / nlp . seas . harvard . edu /
 []


Underfull \hbox (badness 5741) in paragraph at lines 188--195
\OT1/ptm/m/n/10 528.  [][]$\OT1/pcr/m/n/10 http : / / dblp . uni-[]trier . de /
 db /
 []

)
Underfull \hbox (badness 2443) in paragraph at lines 478--479
\OT1/ptm/m/n/10.95 Submissions may in-clude re-sources (soft-ware
 []


Underfull \hbox (badness 2181) in paragraph at lines 498--502
[]\OT1/pcr/m/n/10.95 \appendix \OT1/ptm/m/n/10.95 be-fore any ap-pendix sec-tio
n to
 []

Package atveryend Info: Empty hook `BeforeClearDocument' on input line 507.
[8] [9

]
Package atveryend Info: Empty hook `AfterLastShipout' on input line 507.
 (./naaclhlt2018 copy.aux)
Package atveryend Info: Executing hook `AtVeryEndDocument' on input line 507.
Package atveryend Info: Executing hook `AtEndAfterFileList' on input line 507.
Package rerunfilecheck Info: File `"naaclhlt2018 copy".out' has not changed.
(rerunfilecheck)             Checksum: D41D8CD98F00B204E9800998ECF8427E;0.


LaTeX Warning: There were undefined references.

Package atveryend Info: Empty hook `AtVeryVeryEnd' on input line 507.
 )
(\end occurred when \iffalse on line 342 was incomplete) 
Here is how much of TeX's memory you used:
 5942 strings out of 493014
 86852 string characters out of 6133351
 182036 words of memory out of 5000000
 9377 multiletter control sequences out of 15000+600000
 32198 words of font info for 72 fonts, out of 8000000 for 9000
 1141 hyphenation exceptions out of 8191
 36i,18n,37p,1347b,494s stack positions out of 5000i,500n,10000p,200000b,80000s
{/usr/local/texlive/201
6/texmf-dist/fonts/enc/dvips/base/8r.enc}</usr/local/texlive/2016/texmf-dist/fo
nts/type1/public/amsfonts/cm/cmmi10.pfb></usr/local/texlive/2016/texmf-dist/fon
ts/type1/public/amsfonts/cm/cmmi8.pfb></usr/local/texlive/2016/texmf-dist/fonts
/type1/public/amsfonts/cm/cmr10.pfb></usr/local/texlive/2016/texmf-dist/fonts/t
ype1/public/amsfonts/cm/cmr8.pfb></usr/local/texlive/2016/texmf-dist/fonts/type
1/public/amsfonts/cm/cmsy10.pfb></usr/local/texlive/2016/texmf-dist/fonts/type1
/urw/courier/ucrr8a.pfb></usr/local/texlive/2016/texmf-dist/fonts/type1/urw/tim
es/utmb8a.pfb></usr/local/texlive/2016/texmf-dist/fonts/type1/urw/times/utmr8a.
pfb></usr/local/texlive/2016/texmf-dist/fonts/type1/urw/times/utmri8a.pfb>
Output written on "naaclhlt2018 copy.pdf" (9 pages, 156924 bytes).
PDF statistics:
 316 PDF objects out of 1000 (max. 8388607)
 293 compressed objects within 3 object streams
 59 named destinations out of 1000 (max. 500000)
 1 words of extra memory for PDF output out of 10000 (max. 10000000)

